# JRE version: OpenJDK Runtime Environment (21.0.9+10) (build 21.0.9+10-Ubuntu-124.04)
# Java VM: OpenJDK 64-Bit Server VM (21.0.9+10-Ubuntu-124.04, mixed mode, sharing, tiered, compressed oops, compressed class ptrs, g1 gc, linux-amd64)
Heap:
 garbage-first heap   total 124928K, used 56088K [0x0000000088a00000, 0x0000000100000000)
  region size 1024K, 48 young (49152K), 8 survivors (8192K)
 Metaspace       used 14197K, committed 14464K, reserved 1114112K
  class space    used 1424K, committed 1536K, reserved 1048576K
GC Heap History (8 events):
Event: 3.216 GC heap before
{Heap before GC invocations=0 (full 0):
 garbage-first heap   total 124928K, used 23602K [0x0000000088a00000, 0x0000000100000000)
  region size 1024K, 23 young (23552K), 0 survivors (0K)
 Metaspace       used 12875K, committed 13120K, reserved 1114112K
  class space    used 1339K, committed 1472K, reserved 1048576K
}
Event: 3.224 GC heap after
{Heap after GC invocations=1 (full 0):
 garbage-first heap   total 124928K, used 7882K [0x0000000088a00000, 0x0000000100000000)
  region size 1024K, 3 young (3072K), 3 survivors (3072K)
 Metaspace       used 12875K, committed 13120K, reserved 1114112K
  class space    used 1339K, committed 1472K, reserved 1048576K
}
Event: 5.071 GC heap before
{Heap before GC invocations=1 (full 0):
 garbage-first heap   total 124928K, used 34506K [0x0000000088a00000, 0x0000000100000000)
  region size 1024K, 30 young (30720K), 3 survivors (3072K)
 Metaspace       used 13728K, committed 13952K, reserved 1114112K
  class space    used 1414K, committed 1536K, reserved 1048576K
}
Event: 5.077 GC heap after
{Heap after GC invocations=2 (full 0):
 garbage-first heap   total 124928K, used 9313K [0x0000000088a00000, 0x0000000100000000)
  region size 1024K, 2 young (2048K), 2 survivors (2048K)
 Metaspace       used 13728K, committed 13952K, reserved 1114112K
  class space    used 1414K, committed 1536K, reserved 1048576K
}
Event: 11.552 GC heap before
{Heap before GC invocations=2 (full 0):
 garbage-first heap   total 124928K, used 79969K [0x0000000088a00000, 0x0000000100000000)
  region size 1024K, 71 young (72704K), 2 survivors (2048K)
 Metaspace       used 14022K, committed 14272K, reserved 1114112K
  class space    used 1417K, committed 1536K, reserved 1048576K
}
Event: 11.557 GC heap after
{Heap after GC invocations=3 (full 0):
 garbage-first heap   total 124928K, used 12715K [0x0000000088a00000, 0x0000000100000000)
  region size 1024K, 5 young (5120K), 5 survivors (5120K)
 Metaspace       used 14022K, committed 14272K, reserved 1114112K
  class space    used 1417K, committed 1536K, reserved 1048576K
}
Event: 18.527 GC heap before
{Heap before GC invocations=3 (full 0):
 garbage-first heap   total 124928K, used 80299K [0x0000000088a00000, 0x0000000100000000)
  region size 1024K, 72 young (73728K), 5 survivors (5120K)
 Metaspace       used 14111K, committed 14336K, reserved 1114112K
  class space    used 1418K, committed 1536K, reserved 1048576K
}
Event: 18.532 GC heap after
{Heap after GC invocations=4 (full 0):
 garbage-first heap   total 124928K, used 16085K [0x0000000088a00000, 0x0000000100000000)
  region size 1024K, 8 young (8192K), 8 survivors (8192K)
 Metaspace       used 14111K, committed 14336K, reserved 1114112K
  class space    used 1418K, committed 1536K, reserved 1048576K
}

